epoch,accuracy,loss,val_accuracy,val_loss
0,0.2926829159259796,1.107683539390564,0.3888888955116272,1.0803630352020264
1,0.30662021040916443,1.101779580116272,0.3888888955116272,1.0740784406661987
2,0.32055750489234924,1.0961941480636597,0.4027777910232544,1.0676462650299072
3,0.33449476957321167,1.0904757976531982,0.4305555522441864,1.061278223991394
4,0.3554007112979889,1.0849112272262573,0.4444444477558136,1.055137276649475
5,0.37979093194007874,1.079728126525879,0.4583333432674408,1.0489270687103271
6,0.39721253514289856,1.0740457773208618,0.5,1.0430963039398193
7,0.407665491104126,1.0690490007400513,0.5138888955116272,1.037018060684204
8,0.4285714328289032,1.0637046098709106,0.5555555820465088,1.0310158729553223
9,0.44947734475135803,1.0584439039230347,0.5694444179534912,1.0250909328460693
10,0.46341463923454285,1.0534425973892212,0.5833333134651184,1.019116759300232
11,0.48083624243736267,1.0483089685440063,0.5972222089767456,1.0134015083312988
12,0.4878048896789551,1.0432956218719482,0.5972222089767456,1.0075030326843262
13,0.5191637873649597,1.038224220275879,0.6111111044883728,1.001664161682129
14,0.5296167135238647,1.033394455909729,0.625,0.9958235621452332
15,0.5435540080070496,1.028309941291809,0.6388888955116272,0.9901670813560486
16,0.5400696992874146,1.0232808589935303,0.6388888955116272,0.9846746921539307
17,0.5400696992874146,1.0184264183044434,0.6388888955116272,0.9792198538780212
18,0.5435540080070496,1.013540506362915,0.6527777910232544,0.9737269282341003
19,0.5714285969734192,1.0086148977279663,0.6527777910232544,0.968339204788208
20,0.588850200176239,1.003914475440979,0.6666666865348816,0.9627116322517395
21,0.595818817615509,0.9988536238670349,0.6805555820465088,0.9572398662567139
22,0.599303126335144,0.9941555261611938,0.7083333134651184,0.9515669345855713
23,0.592334508895874,0.9892913103103638,0.7222222089767456,0.9459991455078125
24,0.6132404208183289,0.9845390915870667,0.7361111044883728,0.9404298067092896
25,0.6202090382575989,0.9796844124794006,0.7361111044883728,0.9348801374435425
26,0.6411150097846985,0.9748621582984924,0.7361111044883728,0.9293046593666077
27,0.6480836272239685,0.9701127409934998,0.7361111044883728,0.9238501787185669
28,0.6515679359436035,0.9655067324638367,0.7361111044883728,0.9182376861572266
29,0.6585366129875183,0.9606654047966003,0.7361111044883728,0.9128767848014832
30,0.6655052304267883,0.9560369253158569,0.75,0.9074372053146362
31,0.6689895391464233,0.9512364268302917,0.75,0.9021986722946167
32,0.6620209217071533,0.946778416633606,0.75,0.8970234394073486
33,0.6585366129875183,0.9424368143081665,0.75,0.8917953968048096
34,0.6620209217071533,0.9380760192871094,0.75,0.8867587447166443
35,0.6620209217071533,0.9334872961044312,0.75,0.882021427154541
36,0.6585366129875183,0.9294354915618896,0.75,0.8770533800125122
37,0.6620209217071533,0.9252585172653198,0.75,0.8721058368682861
38,0.6655052304267883,0.921154797077179,0.75,0.8673073649406433
39,0.6655052304267883,0.9169455170631409,0.75,0.8626892566680908
40,0.6655052304267883,0.9129894971847534,0.75,0.8581274151802063
41,0.6655052304267883,0.9091988205909729,0.75,0.8535029888153076
42,0.6689895391464233,0.9055421352386475,0.75,0.8485719561576843
43,0.6689895391464233,0.9014237523078918,0.75,0.8441828489303589
44,0.6689895391464233,0.8978139758110046,0.75,0.8399609923362732
45,0.6689895391464233,0.8942981958389282,0.75,0.8357633948326111
46,0.6689895391464233,0.8908782601356506,0.75,0.8317914605140686
47,0.6689895391464233,0.887658953666687,0.75,0.8277038335800171
48,0.6689895391464233,0.8846629858016968,0.75,0.8239865899085999
49,0.6689895391464233,0.8815215826034546,0.75,0.820588231086731
50,0.6689895391464233,0.8788705468177795,0.75,0.8172633647918701
51,0.6689895391464233,0.8759254217147827,0.75,0.814285397529602
52,0.6689895391464233,0.8733922839164734,0.75,0.8113790154457092
53,0.6689895391464233,0.8711013197898865,0.75,0.8080592155456543
54,0.6689895391464233,0.8686524629592896,0.75,0.8049407005310059
55,0.6689895391464233,0.8659965991973877,0.75,0.802298367023468
56,0.6689895391464233,0.8639044165611267,0.75,0.7995030879974365
57,0.6689895391464233,0.8618009090423584,0.75,0.7968809604644775
58,0.6689895391464233,0.8600028157234192,0.75,0.7944751977920532
59,0.6689895391464233,0.8579330444335938,0.75,0.7922315001487732
60,0.6689895391464233,0.8560404777526855,0.75,0.7903239727020264
61,0.6689895391464233,0.8546059727668762,0.75,0.7881492972373962
62,0.6689895391464233,0.8527780175209045,0.75,0.7865180969238281
63,0.6689895391464233,0.8514726758003235,0.75,0.7846435308456421
64,0.6689895391464233,0.8501344323158264,0.75,0.7829253673553467
65,0.6689895391464233,0.8485682010650635,0.75,0.781531572341919
66,0.6689895391464233,0.8473395705223083,0.75,0.7801893949508667
67,0.6689895391464233,0.8461145758628845,0.75,0.7789278626441956
68,0.6689895391464233,0.8449047803878784,0.75,0.7776381969451904
69,0.6689895391464233,0.8437843918800354,0.75,0.776231050491333
70,0.6689895391464233,0.8426269292831421,0.75,0.7751128673553467
71,0.6689895391464233,0.84178227186203,0.75,0.7739351391792297
72,0.6689895391464233,0.8406909704208374,0.75,0.7731488943099976
73,0.6689895391464233,0.8398007154464722,0.75,0.7724406719207764
74,0.6689895391464233,0.8391976952552795,0.75,0.7713282108306885
75,0.6689895391464233,0.8382192254066467,0.75,0.7706897258758545
76,0.6689895391464233,0.8373947143554688,0.75,0.7701225280761719
77,0.6689895391464233,0.8365780115127563,0.75,0.769781768321991
78,0.6689895391464233,0.8358563780784607,0.75,0.7691402435302734
79,0.6689895391464233,0.8351097702980042,0.75,0.7685336470603943
80,0.6689895391464233,0.8344027400016785,0.75,0.7677781581878662
81,0.6689895391464233,0.833672285079956,0.75,0.7672496438026428
82,0.6689895391464233,0.8331222534179688,0.75,0.7671913504600525
83,0.6689895391464233,0.8322608470916748,0.75,0.76687091588974
84,0.6689895391464233,0.8316096663475037,0.75,0.7664867043495178
85,0.6689895391464233,0.8308908343315125,0.75,0.766250491142273
86,0.6689895391464233,0.8302944898605347,0.75,0.7662385702133179
87,0.6689895391464233,0.8297019600868225,0.75,0.7658287286758423
88,0.6689895391464233,0.8289881348609924,0.75,0.76583331823349
89,0.6689895391464233,0.828315019607544,0.75,0.7656052708625793
90,0.6689895391464233,0.8277103900909424,0.75,0.7651010155677795
91,0.6689895391464233,0.8270187377929688,0.75,0.7648318409919739
92,0.6689895391464233,0.8264331817626953,0.75,0.7645806074142456
93,0.6689895391464233,0.8258716464042664,0.75,0.764509379863739
94,0.6689895391464233,0.8252525329589844,0.75,0.7645719051361084
95,0.6689895391464233,0.8247267007827759,0.75,0.7643272876739502
96,0.6689895391464233,0.8240200877189636,0.75,0.7642739415168762
97,0.6689895391464233,0.8234742879867554,0.75,0.7640950679779053
98,0.6689895391464233,0.8228896856307983,0.75,0.7638599872589111
99,0.6689895391464233,0.8223649859428406,0.75,0.7633675932884216
